2025-10-27 21:10:47,081 - INFO - Checking output folder
2025-10-27 21:10:47,081 - INFO - Output folder exists
2025-10-27 21:10:47,081 - INFO - Checking input file
2025-10-27 21:10:47,081 - INFO - Input file exists
2025-10-27 21:10:47,081 - INFO - Checking temporary folder
2025-10-27 21:10:47,082 - INFO - Temporary folder exists
2025-10-27 21:10:47,082 - INFO - clearing temp folder
2025-10-27 21:10:47,085 - INFO - Starting extraction of the input file
2025-10-27 21:10:47,090 - INFO - Extraction successful
2025-10-27 21:10:47,090 - INFO - Searching spreads folder...
2025-10-27 21:10:47,090 - INFO - Spreads folder found
2025-10-27 21:10:47,092 - WARNING - No GeometricBounds found in <Element 'Rectangle' at 0x101464ea0>
2025-10-27 21:10:47,093 - WARNING - No GeometricBounds found in <Element 'TextFrame' at 0x101465530>
2025-10-27 21:10:47,093 - WARNING - No GeometricBounds found in <Element 'TextFrame' at 0x101466f20>
2025-10-27 21:10:47,093 - WARNING - No GeometricBounds found in <Element 'TextFrame' at 0x101467b50>
2025-10-27 21:10:47,093 - WARNING - No GeometricBounds found in <Element 'TextFrame' at 0x10147c720>
2025-10-27 21:10:47,093 - WARNING - No GeometricBounds found in <Element 'TextFrame' at 0x10147d1c0>
2025-10-27 21:10:47,093 - WARNING - No GeometricBounds found in <Element 'TextFrame' at 0x10147dda0>
2025-10-27 21:10:47,093 - WARNING - No GeometricBounds found in <Element 'TextFrame' at 0x10147e890>
2025-10-27 21:10:47,093 - WARNING - No GeometricBounds found in <Element 'TextFrame' at 0x10147f380>
2025-10-27 21:10:47,093 - WARNING - No GeometricBounds found in <Element 'TextFrame' at 0x10147fd80>
2025-10-27 21:10:47,093 - WARNING - No GeometricBounds found in <Element 'TextFrame' at 0x1014948b0>
2025-10-27 21:10:47,093 - WARNING - No GeometricBounds found in <Element 'TextFrame' at 0x1014953a0>
2025-10-27 21:10:47,093 - INFO - Parsed spread Spread_ueb with 12 elements.
2025-10-27 21:10:47,093 - INFO - Spread Spread_ueb parsed successfully: 11 TextFrames, 1 Rectangles, 0 Images.
